<?xml version="1.0" encoding="UTF-8"?>
<testsuite xmlns:xsi="http://www.w3.org/2001/XMLSchema-instance" xsi:noNamespaceSchemaLocation="https://maven.apache.org/surefire/maven-surefire-plugin/xsd/surefire-test-report-3.0.xsd" version="3.0" name="cucumber.Options.TestRunner" time="18.081" tests="54" errors="0" skipped="0" failures="0">
  <properties>
[...]
</properties>
  <testcase name="Verify we can create a post #1" classname="Create Posts" time="1.985"/>
  <testcase name="Verify we can create a post #2" classname="Create Posts" time="0.326"/>
  <testcase name="Verify we can create a post #3" classname="Create Posts" time="0.339"/>
  <testcase name="Verify we can create a post #4" classname="Create Posts" time="0.303"/>
  <testcase name="Verify we can create a post #5" classname="Create Posts" time="0.523"/>
  <testcase name="Verify we can delete a specific post" classname="Delete Posts" time="0.319"/>
  <testcase name="Verify we can retrieve the correct attribute values for posts #1" classname="Get All Posts" time="0.618"/>
  <testcase name="Verify we can retrieve the correct attribute values for posts #2" classname="Get All Posts" time="0.192"/>
  <testcase name="Verify we can retrieve the correct attribute values for posts #3" classname="Get All Posts" time="0.168"/>
  <testcase name="Verify we can retrieve the correct attribute values for posts #4" classname="Get All Posts" time="0.163"/>
  <testcase name="Verify we can retrieve the correct attribute values for posts #5" classname="Get All Posts" time="0.176"/>
  <testcase name="Verify we can retrieve the correct attribute values for posts #6" classname="Get All Posts" time="0.159"/>
  <testcase name="Verify we can retrieve the correct attribute values for posts #7" classname="Get All Posts" time="0.148"/>
  <testcase name="Verify we can retrieve the correct attribute values for posts #8" classname="Get All Posts" time="0.159"/>
  <testcase name="Verify we can retrieve the correct attribute values for posts #9" classname="Get All Posts" time="0.172"/>
  <testcase name="Verify we can retrieve the correct attribute values for posts #10" classname="Get All Posts" time="0.151"/>
  <testcase name="Verify we can retrieve the correct attribute values for posts #11" classname="Get All Posts" time="0.191"/>
  <testcase name="Verify we can retrieve the correct attribute values for posts #12" classname="Get All Posts" time="0.168"/>
  <testcase name="Verify we can get a post&apos;s comments #1" classname="Get All Nested Resources" time="0.235"/>
  <testcase name="Verify we can get a post&apos;s comments #2" classname="Get All Nested Resources" time="0.364"/>
  <testcase name="Verify we can get a post&apos;s comments #3" classname="Get All Nested Resources" time="0.349"/>
  <testcase name="Verify we cannot get an invalid post&apos;s comments" classname="Get All Nested Resources" time="0.312"/>
  <testcase name="Verify we can get a post&apos;s photos #1" classname="Get All Nested Resources" time="0.399"/>
  <testcase name="Verify we can get a post&apos;s photos #2" classname="Get All Nested Resources" time="0.384"/>
  <testcase name="Verify we can get a post&apos;s photos #3" classname="Get All Nested Resources" time="0.362"/>
  <testcase name="Verify we cannot get an invalid post&apos;s photos" classname="Get All Nested Resources" time="0.332"/>
  <testcase name="Verify we can get a user&apos;s albums #1" classname="Get All Nested Resources" time="0.336"/>
  <testcase name="Verify we can get a user&apos;s albums #2" classname="Get All Nested Resources" time="0.337"/>
  <testcase name="Verify we can get a user&apos;s albums #3" classname="Get All Nested Resources" time="0.325"/>
  <testcase name="Verify we cannot get an invalid user&apos;s albums #1" classname="Get All Nested Resources" time="0.293"/>
  <testcase name="Verify we can get a user&apos;s todos #1" classname="Get All Nested Resources" time="0.348"/>
  <testcase name="Verify we can get a user&apos;s todos #2" classname="Get All Nested Resources" time="0.342"/>
  <testcase name="Verify we can get a user&apos;s todos #3" classname="Get All Nested Resources" time="0.323"/>
  <testcase name="Verify we cannot get an invalid user&apos;s albums #2" classname="Get All Nested Resources" time="0.322"/>
  <testcase name="Verify we can get specific posts #1" classname="Get Post By Id" time="0.143"/>
  <testcase name="Verify we can get specific posts #2" classname="Get Post By Id" time="0.323"/>
  <testcase name="Verify we cannot get post with invalid Id #1" classname="Get Post By Id" time="0.145"/>
  <testcase name="Verify we cannot get post with invalid Id #2" classname="Get Post By Id" time="0.33"/>
  <testcase name="Verify we cannot get post with invalid Id #3" classname="Get Post By Id" time="0.291"/>
  <testcase name="Verify we can get all the posts for a single user #1" classname="Get Post By User" time="0.205"/>
  <testcase name="Verify we can get all the posts for a single user #2" classname="Get Post By User" time="0.218"/>
  <testcase name="Verify we can get all the posts for a single user #3" classname="Get Post By User" time="0.185"/>
  <testcase name="Verify we can update a specific post&apos;s title #1" classname="Patch Posts" time="0.295"/>
  <testcase name="Verify we can update a specific post&apos;s title #2" classname="Patch Posts" time="0.297"/>
  <testcase name="Verify we can update a specific post&apos;s body #1" classname="Patch Posts" time="0.305"/>
  <testcase name="Verify we can update a specific post&apos;s body #2" classname="Patch Posts" time="0.306"/>
  <testcase name="Verify we can update a specific post&apos;s userId #1" classname="Patch Posts" time="0.314"/>
  <testcase name="Verify we can update a specific post&apos;s userId #2" classname="Patch Posts" time="0.324"/>
  <testcase name="Verify we can update a specific post&apos;s id #1" classname="Patch Posts" time="0.328"/>
  <testcase name="Verify we can update a specific post&apos;s id #2" classname="Patch Posts" time="0.421"/>
  <testcase name="Verify we can update a post&apos;s title #1" classname="Update Posts" time="0.313"/>
  <testcase name="Verify we can update a post&apos;s title #2" classname="Update Posts" time="0.308"/>
  <testcase name="Verify we can update a post&apos;s body #1" classname="Update Posts" time="0.301"/>
  <testcase name="Verify we can update a post&apos;s body #2" classname="Update Posts" time="0.316"/>
</testsuite>